Exporter version: 5.4.0, Blender version: 2.78 (sub 0)
========= Conversion from Blender to Babylon.js =========
	Scene settings used:
		selected layers only:  false
		flat shading entire scene:  false
		inline textures:  false
		texture directory:  C:\Users\Cameron\Desktop\Projects\Games\HTML\JSON Visualizer\models\
	Python World class constructor completed
	WARNING: No active camera has been assigned, or is not in a currently selected Blender layer
	processing begun of mesh:  End Piece
		processing begun of Standard material:  Material.001
		num positions      :  236
		num normals        :  236
		num uvs            :  472
		num uvs2           :  0
		num colors         :  0
		num indices        :  726
	processing begun of mesh:  Middle Piece
		registered as also a user of material:  Material.001
		num positions      :  163
		num normals        :  163
		num uvs            :  326
		num uvs2           :  0
		num colors         :  0
		num indices        :  432
	processing begun of mesh:  Start Piece
		registered as also a user of material:  Material.001
		num positions      :  97
		num normals        :  97
		num uvs            :  194
		num uvs2           :  0
		num colors         :  0
		num indices        :  492
	processing begun of mesh:  Grip
		registered as also a user of material:  Material.001
		num positions      :  24
		num normals        :  24
		num uvs            :  48
		num uvs2           :  0
		num colors         :  0
		num indices        :  72
	processing begun of mesh:  Base
		registered as also a user of material:  Material.001
		num positions      :  194
		num normals        :  194
		num uvs            :  388
		num uvs2           :  0
		num colors         :  0
		num indices        :  1152
	processing begun of light (SUN):  Sun
========= Writing of scene file started =========
========= Writing of scene file completed =========
========= end of processing =========
elapsed time:  0 min, 0.1371 secs
